Common/build/intermediates/manifest_merge_blame_file/mobileLibre3SiRelease/manifest-merger-blame-mobile-libre3-si-release-report.txt
1<?xml version="1.0" encoding="utf-8"?>
2<manifest xmlns:android="http://schemas.android.com/apk/res/android"
3    package="tk.glucodata"
4    android:versionCode="458"
5    android:versionName="8.0.0-sibionics" >
6
7    <uses-sdk
7-->src/mobile/AndroidManifest.xml:5:5-71
8        android:minSdkVersion="26"
9        android:targetSdkVersion="33" />
10
11    <!-- s/^[	 ]*\(.*\)[	 ]*$/<uses-permission android:name="\1"\/>/g -->
12    <uses-permission android:name="android.permission.health.WRITE_BLOOD_GLUCOSE" />
12-->src/mobile/AndroidManifest.xml:8:1-80
12-->src/mobile/AndroidManifest.xml:8:18-78
13
14    <uses-feature
14-->src/mobile/AndroidManifest.xml:9:1-90
15        android:name="android.hardware.type.automotive"
15-->src/mobile/AndroidManifest.xml:9:15-62
16        android:required="false" />
16-->src/mobile/AndroidManifest.xml:9:63-87
17
18    <queries>
18-->src/main/AndroidManifest.xml:43:1-83
19        <package android:name="com.google.android.apps.healthdata" />
19-->src/main/AndroidManifest.xml:43:11-72
19-->src/main/AndroidManifest.xml:43:20-69
20
21        <intent>
21-->src/mobile/AndroidManifest.xml:15:9-17:18
22            <action android:name="android.intent.action.TTS_SERVICE" />
22-->src/mobile/AndroidManifest.xml:16:13-72
22-->src/mobile/AndroidManifest.xml:16:21-69
23        </intent>
24        <intent>
24-->src/main/AndroidManifest.xml:48:15-94
25            <action android:name="android.nfc.action.TECH_DISCOVERED" />
25-->src/main/AndroidManifest.xml:94:17-77
25-->src/main/AndroidManifest.xml:94:25-74
26        </intent>
27        <intent>
27-->src/main/AndroidManifest.xml:50:15-97
28            <action android:name="com.eveningoutpost.dexdrip.BgEstimate" />
28-->src/main/AndroidManifest.xml:50:24-87
28-->src/main/AndroidManifest.xml:50:32-84
29        </intent>
30        <intent>
30-->src/main/AndroidManifest.xml:52:15-76
31            <action android:name="glucodata.Minute" />
31-->src/main/AndroidManifest.xml:52:24-66
31-->src/main/AndroidManifest.xml:52:32-63
32        </intent>
33    </queries>
34    <queries>
34-->src/main/AndroidManifest.xml:43:1-83
35        <intent>
35-->src/mobile/AndroidManifest.xml:15:9-17:18
36            <action android:name="android.intent.action.TTS_SERVICE" />
36-->src/mobile/AndroidManifest.xml:16:13-72
36-->src/mobile/AndroidManifest.xml:16:21-69
37        </intent>
38    </queries>
39    <queries>
39-->src/main/AndroidManifest.xml:43:1-83
40        <intent>
40-->src/mobile/AndroidManifest.xml:20:9-22:18
41            <action android:name="com.librelink.app.ThirdPartyIntegration.GLUCOSE_READING" />
41-->src/mobile/AndroidManifest.xml:21:13-94
41-->src/mobile/AndroidManifest.xml:21:21-91
42        </intent>
43    </queries>
44    <queries>
44-->src/main/AndroidManifest.xml:43:1-83
45        <intent>
45-->src/mobile/AndroidManifest.xml:25:9-27:18
46            <action android:name="com.librelink.app.ThirdPartyIntegration.SENSOR_ACTIVATE" />
46-->src/mobile/AndroidManifest.xml:26:13-94
46-->src/mobile/AndroidManifest.xml:26:21-91
47        </intent>
48    </queries>
49    <queries>
49-->src/main/AndroidManifest.xml:43:1-83
50        <package android:name="com.garmin.android.apps.connectmobile" />
50-->src/mobile/AndroidManifest.xml:30:9-73
50-->src/mobile/AndroidManifest.xml:30:18-70
51    </queries>
52
53    <supports-screens
53-->src/mobile/AndroidManifest.xml:34:5-40:40
54        android:anyDensity="true"
54-->src/mobile/AndroidManifest.xml:35:9-34
55        android:largeScreens="true"
55-->src/mobile/AndroidManifest.xml:36:9-36
56        android:normalScreens="true"
56-->src/mobile/AndroidManifest.xml:37:9-37
57        android:resizeable="true"
57-->src/mobile/AndroidManifest.xml:38:9-34
58        android:smallScreens="true"
58-->src/mobile/AndroidManifest.xml:39:9-36
59        android:xlargeScreens="true" />
59-->src/mobile/AndroidManifest.xml:40:9-37
60
61    <uses-permission android:name="android.permission.FLASHLIGHT" />
61-->src/mobile/AndroidManifest.xml:42:5-69
61-->src/mobile/AndroidManifest.xml:42:22-66
62
63    <uses-feature
63-->src/mobile/AndroidManifest.xml:44:5-91
64        android:name="android.hardware.camera.flash"
64-->src/mobile/AndroidManifest.xml:44:19-63
65        android:required="false" />
65-->src/mobile/AndroidManifest.xml:44:64-88
66
67    <uses-permission android:name="android.permission.SYSTEM_ALERT_WINDOW" />
67-->src/main/AndroidManifest.xml:3:5-78
67-->src/main/AndroidManifest.xml:3:22-75
68    <uses-permission android:name="android.permission.ACCESS_NOTIFICATION_POLICY" />
68-->src/main/AndroidManifest.xml:4:5-85
68-->src/main/AndroidManifest.xml:4:22-82
69    <uses-permission android:name="android.permission.POST_NOTIFICATIONS" />
69-->src/main/AndroidManifest.xml:5:5-77
69-->src/main/AndroidManifest.xml:5:22-74
70    <uses-permission android:name="android.permission.FOREGROUND_SERVICE" />
70-->src/main/AndroidManifest.xml:6:5-77
70-->src/main/AndroidManifest.xml:6:22-74
71    <uses-permission android:name="android.permission.FOREGROUND_SERVICE_CONNECTED_DEVICE" /> <!-- s/^[	 ]*\(.*\)[	 ]*$/<uses-permission android:name="\1"\/>/g -->
71-->src/main/AndroidManifest.xml:7:5-94
71-->src/main/AndroidManifest.xml:7:22-91
72    <uses-feature
72-->src/main/AndroidManifest.xml:9:5-82
73        android:name="android.hardware.nfc"
73-->src/main/AndroidManifest.xml:9:19-54
74        android:required="false" />
74-->src/main/AndroidManifest.xml:9:55-79
75    <uses-feature
75-->src/main/AndroidManifest.xml:10:5-78
76        android:glEsVersion="0x00020000"
76-->src/main/AndroidManifest.xml:10:19-51
77        android:required="true" />
77-->src/main/AndroidManifest.xml:10:52-75
78    <uses-feature
78-->src/main/AndroidManifest.xml:11:5-91
79        android:name="android.hardware.bluetooth_le"
79-->src/main/AndroidManifest.xml:11:19-63
80        android:required="false" />
80-->src/main/AndroidManifest.xml:11:64-88
81
82    <uses-permission
82-->src/main/AndroidManifest.xml:13:6-107
83        android:name="android.permission.SCHEDULE_EXACT_ALARM"
83-->src/main/AndroidManifest.xml:13:23-77
84        android:maxSdkVersion="32" />
84-->src/main/AndroidManifest.xml:13:78-104
85    <uses-permission android:name="android.permission.USE_EXACT_ALARM" />
85-->src/main/AndroidManifest.xml:14:5-75
85-->src/main/AndroidManifest.xml:14:22-71
86    <uses-permission android:name="android.permission.WAKE_LOCK" />
86-->src/main/AndroidManifest.xml:15:5-68
86-->src/main/AndroidManifest.xml:15:22-65
87    <uses-permission android:name="android.permission.RECEIVE_BOOT_COMPLETED" />
87-->src/main/AndroidManifest.xml:16:5-81
87-->src/main/AndroidManifest.xml:16:22-78
88    <uses-permission android:name="android.permission.NFC" />
88-->src/main/AndroidManifest.xml:17:5-62
88-->src/main/AndroidManifest.xml:17:22-59
89    <uses-permission android:name="android.permission.INTERNET" />
89-->src/main/AndroidManifest.xml:18:5-67
89-->src/main/AndroidManifest.xml:18:22-64
90    <uses-permission android:name="android.permission.ACCESS_NETWORK_STATE" />
90-->src/main/AndroidManifest.xml:19:5-79
90-->src/main/AndroidManifest.xml:19:22-76
91    <uses-permission android:name="android.permission.VIBRATE" />
91-->src/main/AndroidManifest.xml:20:5-66
91-->src/main/AndroidManifest.xml:20:22-63
92    <uses-permission
92-->src/main/AndroidManifest.xml:21:5-108
93        android:name="android.permission.ACCESS_COARSE_LOCATION"
93-->src/main/AndroidManifest.xml:21:22-78
94        android:maxSdkVersion="30" />
94-->src/main/AndroidManifest.xml:21:79-105
95    <uses-permission
95-->src/main/AndroidManifest.xml:22:5-106
96        android:name="android.permission.ACCESS_FINE_LOCATION"
96-->src/main/AndroidManifest.xml:22:22-76
97        android:maxSdkVersion="30" />
97-->src/main/AndroidManifest.xml:22:77-103
98    <uses-permission android:name="android.permission.BLUETOOTH" />
98-->src/main/AndroidManifest.xml:23:5-68
98-->src/main/AndroidManifest.xml:23:22-65
99    <uses-permission android:name="android.permission.BLUETOOTH_ADMIN" />
99-->src/main/AndroidManifest.xml:24:5-74
99-->src/main/AndroidManifest.xml:24:22-71
100    <!--
101 Needed only if your app looks for Bluetooth devices.
102         You must add an attribute to this permission, or declare the
103         ACCESS_FINE_LOCATION permission, depending on the results when you
104         check location usage in your app.
105    -->
106    <uses-permission
106-->src/main/AndroidManifest.xml:31:5-120
107        android:name="android.permission.BLUETOOTH_SCAN"
107-->src/main/AndroidManifest.xml:31:22-70
108        android:usesPermissionFlags="neverForLocation" />
108-->src/main/AndroidManifest.xml:31:71-117
109    <!--
110 Needed only if your app makes the device discoverable to Bluetooth
111         devices.
112    -->
113    <uses-permission android:name="android.permission.BLUETOOTH_ADVERTISE" />
113-->src/main/AndroidManifest.xml:36:5-78
113-->src/main/AndroidManifest.xml:36:22-75
114    <!--
115 Needed only if your app communicates with already-paired Bluetooth
116         devices.
117    -->
118    <uses-permission android:name="android.permission.BLUETOOTH_CONNECT" />
118-->src/main/AndroidManifest.xml:41:5-76
118-->src/main/AndroidManifest.xml:41:22-73
119
120    <uses-permission-sdk-23 android:name="android.permission.REQUEST_IGNORE_BATTERY_OPTIMIZATIONS" />
120-->src/main/AndroidManifest.xml:54:5-102
120-->src/main/AndroidManifest.xml:54:29-99
121
122    <permission
122-->[androidx.core:core:1.12.0] AndroidManifest.xml:22:5-24:47
123        android:name="tk.glucodata.DYNAMIC_RECEIVER_NOT_EXPORTED_PERMISSION"
123-->[androidx.core:core:1.12.0] AndroidManifest.xml:23:9-81
124        android:protectionLevel="signature" />
124-->[androidx.core:core:1.12.0] AndroidManifest.xml:24:9-44
125
126    <uses-permission android:name="tk.glucodata.DYNAMIC_RECEIVER_NOT_EXPORTED_PERMISSION" />
126-->[androidx.core:core:1.12.0] AndroidManifest.xml:26:5-97
126-->[androidx.core:core:1.12.0] AndroidManifest.xml:26:22-94
127
128    <application
128-->src/main/AndroidManifest.xml:58:5-145:19
129        android:name="tk.glucodata.Applic"
129-->src/main/AndroidManifest.xml:59:9-31
130        android:allowBackup="false"
130-->src/main/AndroidManifest.xml:60:9-36
131        android:appComponentFactory="androidx.core.app.CoreComponentFactory"
131-->[androidx.core:core:1.12.0] AndroidManifest.xml:28:18-86
132        android:debuggable="true"
132-->src/main/AndroidManifest.xml:61:9-34
133        android:extractNativeLibs="true"
133-->src/main/AndroidManifest.xml:62:9-41
134        android:icon="@mipmap/ic_launcher"
134-->src/main/AndroidManifest.xml:63:9-43
135        android:label="@string/app_name"
135-->src/main/AndroidManifest.xml:64:9-41
136        android:localeConfig="@xml/locales_config"
136-->src/main/AndroidManifest.xml:65:9-51
137        android:persistent="true"
137-->src/main/AndroidManifest.xml:66:9-34
138        android:testOnly="true"
139        android:theme="@style/AppTheme"
139-->src/mobile/AndroidManifest.xml:50:9-40
140        android:usesCleartextTraffic="true" >
140-->src/main/AndroidManifest.xml:67:9-44
141        <receiver
141-->src/mobile/AndroidManifest.xml:51:9-61:20
142            android:name="tk.glucodata.GlucoseWidget"
142-->src/mobile/AndroidManifest.xml:52:13-42
143            android:exported="false" >
143-->src/mobile/AndroidManifest.xml:53:13-37
144            <intent-filter>
144-->src/mobile/AndroidManifest.xml:54:13-56:29
145                <action android:name="android.appwidget.action.APPWIDGET_UPDATE" />
145-->src/mobile/AndroidManifest.xml:55:17-84
145-->src/mobile/AndroidManifest.xml:55:25-81
146            </intent-filter>
147
148            <meta-data
148-->src/mobile/AndroidManifest.xml:58:13-60:63
149                android:name="android.appwidget.provider"
149-->src/mobile/AndroidManifest.xml:59:17-58
150                android:resource="@xml/glucose_widget_info" />
150-->src/mobile/AndroidManifest.xml:60:17-60
151        </receiver>
152
153        <activity
153-->src/main/AndroidManifest.xml:69:9-85:20
154            android:name="tk.glucodata.MainActivity"
154-->src/main/AndroidManifest.xml:71:13-41
155            android:allowEmbedded="true"
155-->src/mobile/AndroidManifest.xml:65:13-41
156            android:autoRemoveFromRecents="false"
156-->src/main/AndroidManifest.xml:73:13-50
157            android:configChanges="orientation|screenSize|screenLayout|keyboardHidden|uiMode|fontScale|locale"
157-->src/main/AndroidManifest.xml:72:13-111
158            android:excludeFromRecents="false"
158-->src/main/AndroidManifest.xml:74:13-47
159            android:exported="true"
159-->src/main/AndroidManifest.xml:70:13-36
160            android:label="@string/app_name"
160-->src/main/AndroidManifest.xml:75:13-45
161            android:launchMode="singleTask"
161-->src/main/AndroidManifest.xml:76:13-44
162            android:resizeableActivity="true"
162-->src/mobile/AndroidManifest.xml:69:13-46
163            android:screenOrientation="reverseLandscape"
163-->src/mobile/AndroidManifest.xml:70:13-57
164            android:stateNotNeeded="true"
164-->src/main/AndroidManifest.xml:77:13-42
165            android:windowSoftInputMode="stateHidden|adjustPan" >
165-->src/main/AndroidManifest.xml:78:13-64
166            <intent-filter>
166-->src/mobile/AndroidManifest.xml:72:13-74:29
167                <action android:name="androidx.health.ACTION_SHOW_PERMISSIONS_RATIONALE" />
167-->src/mobile/AndroidManifest.xml:73:17-92
167-->src/mobile/AndroidManifest.xml:73:25-89
168            </intent-filter>
169            <intent-filter>
169-->src/main/AndroidManifest.xml:79:13-83:29
170                <action android:name="android.intent.action.MAIN" />
170-->src/main/AndroidManifest.xml:80:17-69
170-->src/main/AndroidManifest.xml:80:25-66
171
172                <category android:name="android.intent.category.LAUNCHER" />
172-->src/main/AndroidManifest.xml:81:17-77
172-->src/main/AndroidManifest.xml:81:27-74
173                <category android:name="android.intent.category.DEFAULT" />
173-->src/main/AndroidManifest.xml:82:17-76
173-->src/main/AndroidManifest.xml:82:27-73
174            </intent-filter>
175
176            <meta-data
176-->src/main/AndroidManifest.xml:84:13-116
177                android:name="android.nfc.action.TECH_DISCOVERED"
177-->src/main/AndroidManifest.xml:84:24-73
178                android:resource="@xml/nfc_tech_filter" />
178-->src/main/AndroidManifest.xml:84:74-113
179        </activity>
180
181        <activity-alias
181-->src/main/AndroidManifest.xml:87:9-102:26
182            android:name="tk.glucodata.glucodata"
182-->src/main/AndroidManifest.xml:88:13-38
183            android:enabled="true"
183-->src/main/AndroidManifest.xml:89:13-35
184            android:exported="true"
184-->src/main/AndroidManifest.xml:90:13-36
185            android:label="@string/app_name"
185-->src/main/AndroidManifest.xml:91:13-45
186            android:targetActivity="tk.glucodata.MainActivity" >
186-->src/main/AndroidManifest.xml:92:13-51
187            <intent-filter>
187-->src/main/AndroidManifest.xml:93:13-97:29
188                <action android:name="android.nfc.action.TECH_DISCOVERED" />
188-->src/main/AndroidManifest.xml:94:17-77
188-->src/main/AndroidManifest.xml:94:25-74
189
190                <category android:name="android.intent.category.DEFAULT" />
190-->src/main/AndroidManifest.xml:82:17-76
190-->src/main/AndroidManifest.xml:82:27-73
191            </intent-filter>
192
193            <meta-data
193-->src/main/AndroidManifest.xml:84:13-116
194                android:name="android.nfc.action.TECH_DISCOVERED"
194-->src/main/AndroidManifest.xml:84:24-73
195                android:resource="@xml/nfc_tech_filter" />
195-->src/main/AndroidManifest.xml:84:74-113
196        </activity-alias>
197        <activity-alias
197-->src/mobile/AndroidManifest.xml:77:3-86:20
198            android:name="tk.glucodata.ViewPermissionUsageActivity"
198-->src/mobile/AndroidManifest.xml:78:7-49
199            android:exported="true"
199-->src/mobile/AndroidManifest.xml:79:7-30
200            android:permission="android.permission.START_VIEW_PERMISSION_USAGE"
200-->src/mobile/AndroidManifest.xml:81:7-74
201            android:targetActivity="tk.glucodata.MainActivity" >
201-->src/mobile/AndroidManifest.xml:80:7-45
202            <intent-filter>
202-->src/mobile/AndroidManifest.xml:82:5-85:21
203                <action android:name="android.intent.action.VIEW_PERMISSION_USAGE" />
203-->src/mobile/AndroidManifest.xml:83:7-76
203-->src/mobile/AndroidManifest.xml:83:15-73
204
205                <category android:name="android.intent.category.HEALTH_PERMISSIONS" />
205-->src/mobile/AndroidManifest.xml:84:7-77
205-->src/mobile/AndroidManifest.xml:84:17-74
206            </intent-filter>
207        </activity-alias>
208
209        <service
209-->src/mobile/AndroidManifest.xml:88:9-99:19
210            android:name="tk.glucodata.MessageReceiver"
210-->src/mobile/AndroidManifest.xml:89:13-44
211            android:exported="true" >
211-->src/mobile/AndroidManifest.xml:90:13-36
212            <intent-filter>
212-->src/mobile/AndroidManifest.xml:91:13-98:29
213                <action android:name="com.google.android.gms.wearable.MESSAGE_RECEIVED" />
213-->src/mobile/AndroidManifest.xml:92:17-91
213-->src/mobile/AndroidManifest.xml:92:25-88
214
215                <data
215-->src/mobile/AndroidManifest.xml:93:17-91
216                    android:host="*"
216-->src/mobile/AndroidManifest.xml:93:23-39
217                    android:pathPrefix="/data"
217-->src/mobile/AndroidManifest.xml:93:40-66
218                    android:scheme="wear" />
218-->src/mobile/AndroidManifest.xml:93:67-88
219                <data
219-->src/mobile/AndroidManifest.xml:93:17-91
220                    android:host="*"
220-->src/mobile/AndroidManifest.xml:93:23-39
221                    android:pathPrefix="/messages"
221-->src/mobile/AndroidManifest.xml:93:40-66
222                    android:scheme="wear" />
222-->src/mobile/AndroidManifest.xml:93:67-88
223                <data
223-->src/mobile/AndroidManifest.xml:93:17-91
224                    android:host="*"
224-->src/mobile/AndroidManifest.xml:93:23-39
225                    android:pathPrefix="/netinfo"
225-->src/mobile/AndroidManifest.xml:93:40-66
226                    android:scheme="wear" />
226-->src/mobile/AndroidManifest.xml:93:67-88
227                <data
227-->src/mobile/AndroidManifest.xml:93:17-91
228                    android:host="*"
228-->src/mobile/AndroidManifest.xml:93:23-39
229                    android:pathPrefix="/wake"
229-->src/mobile/AndroidManifest.xml:93:40-66
230                    android:scheme="wear" />
230-->src/mobile/AndroidManifest.xml:93:67-88
231                <data
231-->src/mobile/AndroidManifest.xml:93:17-91
232                    android:host="*"
232-->src/mobile/AndroidManifest.xml:93:23-39
233                    android:pathPrefix="/wakestream"
233-->src/mobile/AndroidManifest.xml:93:40-66
234                    android:scheme="wear" />
234-->src/mobile/AndroidManifest.xml:93:67-88
235            </intent-filter>
236        </service>
237
238        <meta-data
238-->src/si/AndroidManifest.xml:6:5-8:35
239            android:name="com.google.mlkit.vision.DEPENDENCIES"
239-->src/si/AndroidManifest.xml:7:7-58
240            android:value="barcode_ui" />
240-->src/si/AndroidManifest.xml:8:7-33
241
242        <receiver
242-->src/main/AndroidManifest.xml:103:9-112:20
243            android:name="tk.glucodata.NumAlarm"
243-->src/main/AndroidManifest.xml:104:13-37
244            android:enabled="true"
244-->src/main/AndroidManifest.xml:105:13-35
245            android:exported="true" >
245-->src/main/AndroidManifest.xml:106:13-36
246            <intent-filter>
246-->src/main/AndroidManifest.xml:107:13-111:29
247                <action android:name="android.intent.action.BOOT_COMPLETED" />
247-->src/main/AndroidManifest.xml:108:17-79
247-->src/main/AndroidManifest.xml:108:25-76
248                <action android:name="android.intent.action.QUICKBOOT_POWERON" />
248-->src/main/AndroidManifest.xml:109:17-82
248-->src/main/AndroidManifest.xml:109:25-79
249
250                <category android:name="android.intent.category.DEFAULT" />
250-->src/main/AndroidManifest.xml:82:17-76
250-->src/main/AndroidManifest.xml:82:27-73
251            </intent-filter>
252        </receiver>
253        <receiver
253-->src/main/AndroidManifest.xml:113:9-116:38
254            android:name="tk.glucodata.DeleteReceiver"
254-->src/main/AndroidManifest.xml:114:13-43
255            android:enabled="true"
255-->src/main/AndroidManifest.xml:115:13-35
256            android:exported="true" />
256-->src/main/AndroidManifest.xml:116:13-36
257        <receiver
257-->src/main/AndroidManifest.xml:117:9-120:38
258            android:name="tk.glucodata.LossOfSensorAlarm"
258-->src/main/AndroidManifest.xml:118:13-46
259            android:enabled="true"
259-->src/main/AndroidManifest.xml:119:13-35
260            android:exported="true" />
260-->src/main/AndroidManifest.xml:120:13-36
261        <receiver
261-->src/main/AndroidManifest.xml:121:9-124:38
262            android:name="tk.glucodata.Maintenance"
262-->src/main/AndroidManifest.xml:122:13-40
263            android:enabled="true"
263-->src/main/AndroidManifest.xml:123:13-35
264            android:exported="true" />
264-->src/main/AndroidManifest.xml:124:13-36
265
266        <service
266-->src/main/AndroidManifest.xml:126:9-130:63
267            android:name="tk.glucodata.keeprunning"
267-->src/main/AndroidManifest.xml:127:13-40
268            android:enabled="true"
268-->src/main/AndroidManifest.xml:128:13-35
269            android:exported="true"
269-->src/main/AndroidManifest.xml:129:13-36
270            android:foregroundServiceType="connectedDevice" />
270-->src/main/AndroidManifest.xml:130:13-60
271        <service
271-->src/main/AndroidManifest.xml:137:9-144:19
272            android:name="androidx.appcompat.app.AppLocalesMetadataHolderService"
272-->src/main/AndroidManifest.xml:138:13-82
273            android:enabled="false"
273-->src/main/AndroidManifest.xml:139:13-36
274            android:exported="false" >
274-->src/main/AndroidManifest.xml:140:13-37
275            <meta-data
275-->src/main/AndroidManifest.xml:141:13-143:40
276                android:name="autoStoreLocales"
276-->src/main/AndroidManifest.xml:142:17-48
277                android:value="true" />
277-->src/main/AndroidManifest.xml:143:17-37
278        </service>
279        <service
279-->[androidx.health.connect:connect-client:1.1.0-alpha07] AndroidManifest.xml:24:9-32:19
280            android:name="androidx.health.platform.client.impl.sdkservice.HealthDataSdkService"
280-->[androidx.health.connect:connect-client:1.1.0-alpha07] AndroidManifest.xml:25:13-96
281            android:enabled="true"
281-->[androidx.health.connect:connect-client:1.1.0-alpha07] AndroidManifest.xml:26:13-35
282            android:exported="true" >
282-->[androidx.health.connect:connect-client:1.1.0-alpha07] AndroidManifest.xml:27:13-36
283            <intent-filter>
283-->[androidx.health.connect:connect-client:1.1.0-alpha07] AndroidManifest.xml:29:13-31:29
284                <action android:name="androidx.health.platform.client.ACTION_BIND_SDK_SERVICE" />
284-->[androidx.health.connect:connect-client:1.1.0-alpha07] AndroidManifest.xml:30:17-98
284-->[androidx.health.connect:connect-client:1.1.0-alpha07] AndroidManifest.xml:30:25-95
285            </intent-filter>
286        </service>
287        <!--
288        This activity is an invisible delegate activity to start scanner activity
289        and receive result, so it's unnecessary to support screen orientation and
290        we can avoid any side effect from activity recreation in any case.
291        -->
292        <activity
292-->[com.google.android.gms:play-services-code-scanner:16.1.0] AndroidManifest.xml:15:9-20:20
293            android:name="com.google.mlkit.vision.codescanner.internal.GmsBarcodeScanningDelegateActivity"
293-->[com.google.android.gms:play-services-code-scanner:16.1.0] AndroidManifest.xml:16:13-107
294            android:exported="false"
294-->[com.google.android.gms:play-services-code-scanner:16.1.0] AndroidManifest.xml:17:13-37
295            android:screenOrientation="portrait" >
295-->[com.google.android.gms:play-services-code-scanner:16.1.0] AndroidManifest.xml:18:13-49
296        </activity>
297
298        <service
298-->[com.google.mlkit:vision-common:17.0.0] AndroidManifest.xml:9:9-15:19
299            android:name="com.google.mlkit.common.internal.MlKitComponentDiscoveryService"
299-->[com.google.mlkit:vision-common:17.0.0] AndroidManifest.xml:10:13-91
300            android:directBootAware="true"
300-->[com.google.mlkit:common:18.9.0] AndroidManifest.xml:17:13-43
301            android:exported="false" >
301-->[com.google.mlkit:vision-common:17.0.0] AndroidManifest.xml:11:13-37
302            <meta-data
302-->[com.google.mlkit:vision-common:17.0.0] AndroidManifest.xml:12:13-14:85
303                android:name="com.google.firebase.components:com.google.mlkit.vision.common.internal.VisionCommonRegistrar"
303-->[com.google.mlkit:vision-common:17.0.0] AndroidManifest.xml:13:17-124
304                android:value="com.google.firebase.components.ComponentRegistrar" />
304-->[com.google.mlkit:vision-common:17.0.0] AndroidManifest.xml:14:17-82
305            <meta-data
305-->[com.google.mlkit:common:18.9.0] AndroidManifest.xml:20:13-22:85
306                android:name="com.google.firebase.components:com.google.mlkit.common.internal.CommonComponentRegistrar"
306-->[com.google.mlkit:common:18.9.0] AndroidManifest.xml:21:17-120
307                android:value="com.google.firebase.components.ComponentRegistrar" />
307-->[com.google.mlkit:common:18.9.0] AndroidManifest.xml:22:17-82
308        </service>
309
310        <provider
310-->[com.google.mlkit:common:18.9.0] AndroidManifest.xml:9:9-13:38
311            android:name="com.google.mlkit.common.internal.MlKitInitProvider"
311-->[com.google.mlkit:common:18.9.0] AndroidManifest.xml:10:13-78
312            android:authorities="tk.glucodata.mlkitinitprovider"
312-->[com.google.mlkit:common:18.9.0] AndroidManifest.xml:11:13-69
313            android:exported="false"
313-->[com.google.mlkit:common:18.9.0] AndroidManifest.xml:12:13-37
314            android:initOrder="99" />
314-->[com.google.mlkit:common:18.9.0] AndroidManifest.xml:13:13-35
315
316        <activity
316-->[com.google.android.gms:play-services-base:18.3.0] AndroidManifest.xml:20:9-22:45
317            android:name="com.google.android.gms.common.api.GoogleApiActivity"
317-->[com.google.android.gms:play-services-base:18.3.0] AndroidManifest.xml:20:19-85
318            android:exported="false"
318-->[com.google.android.gms:play-services-base:18.3.0] AndroidManifest.xml:22:19-43
319            android:theme="@android:style/Theme.Translucent.NoTitleBar" />
319-->[com.google.android.gms:play-services-base:18.3.0] AndroidManifest.xml:21:19-78
320
321        <meta-data
321-->[com.google.android.gms:play-services-basement:18.3.0] AndroidManifest.xml:21:9-23:69
322            android:name="com.google.android.gms.version"
322-->[com.google.android.gms:play-services-basement:18.3.0] AndroidManifest.xml:22:13-58
323            android:value="@integer/google_play_services_version" />
323-->[com.google.android.gms:play-services-basement:18.3.0] AndroidManifest.xml:23:13-66
324
325        <receiver
325-->[androidx.profileinstaller:profileinstaller:1.3.0] AndroidManifest.xml:34:9-52:20
326            android:name="androidx.profileinstaller.ProfileInstallReceiver"
326-->[androidx.profileinstaller:profileinstaller:1.3.0] AndroidManifest.xml:35:13-76
327            android:directBootAware="false"
327-->[androidx.profileinstaller:profileinstaller:1.3.0] AndroidManifest.xml:36:13-44
328            android:enabled="true"
328-->[androidx.profileinstaller:profileinstaller:1.3.0] AndroidManifest.xml:37:13-35
329            android:exported="true"
329-->[androidx.profileinstaller:profileinstaller:1.3.0] AndroidManifest.xml:38:13-36
330            android:permission="android.permission.DUMP" >
330-->[androidx.profileinstaller:profileinstaller:1.3.0] AndroidManifest.xml:39:13-57
331            <intent-filter>
331-->[androidx.profileinstaller:profileinstaller:1.3.0] AndroidManifest.xml:40:13-42:29
332                <action android:name="androidx.profileinstaller.action.INSTALL_PROFILE" />
332-->[androidx.profileinstaller:profileinstaller:1.3.0] AndroidManifest.xml:41:17-91
332-->[androidx.profileinstaller:profileinstaller:1.3.0] AndroidManifest.xml:41:25-88
333            </intent-filter>
334            <intent-filter>
334-->[androidx.profileinstaller:profileinstaller:1.3.0] AndroidManifest.xml:43:13-45:29
335                <action android:name="androidx.profileinstaller.action.SKIP_FILE" />
335-->[androidx.profileinstaller:profileinstaller:1.3.0] AndroidManifest.xml:44:17-85
335-->[androidx.profileinstaller:profileinstaller:1.3.0] AndroidManifest.xml:44:25-82
336            </intent-filter>
337            <intent-filter>
337-->[androidx.profileinstaller:profileinstaller:1.3.0] AndroidManifest.xml:46:13-48:29
338                <action android:name="androidx.profileinstaller.action.SAVE_PROFILE" />
338-->[androidx.profileinstaller:profileinstaller:1.3.0] AndroidManifest.xml:47:17-88
338-->[androidx.profileinstaller:profileinstaller:1.3.0] AndroidManifest.xml:47:25-85
339            </intent-filter>
340            <intent-filter>
340-->[androidx.profileinstaller:profileinstaller:1.3.0] AndroidManifest.xml:49:13-51:29
341                <action android:name="androidx.profileinstaller.action.BENCHMARK_OPERATION" />
341-->[androidx.profileinstaller:profileinstaller:1.3.0] AndroidManifest.xml:50:17-95
341-->[androidx.profileinstaller:profileinstaller:1.3.0] AndroidManifest.xml:50:25-92
342            </intent-filter>
343        </receiver>
344